0 info it worked if it ends with ok
1 verbose cli [ '/usr/local/bin/node',
1 verbose cli   '/usr/local/bin/npm',
1 verbose cli   'install',
1 verbose cli   '@nowtv/nowtv-web-toolkit',
1 verbose cli   '--save' ]
2 info using npm@3.10.3
3 info using node@v6.4.0
4 silly loadCurrentTree Starting
5 silly install loadCurrentTree
6 silly install readLocalPackageData
7 silly fetchPackageMetaData @nowtv/nowtv-web-toolkit
8 silly fetchNamedPackageData @nowtv/nowtv-web-toolkit
9 silly mapToRegistry name @nowtv/nowtv-web-toolkit
10 silly mapToRegistry scope (from package name) @nowtv
11 verbose mapToRegistry no registry URL found in name for scope @nowtv
12 silly mapToRegistry using default registry
13 silly mapToRegistry registry https://registry.npmjs.org/
14 silly mapToRegistry data Result {
14 silly mapToRegistry   raw: '@nowtv/nowtv-web-toolkit',
14 silly mapToRegistry   scope: '@nowtv',
14 silly mapToRegistry   escapedName: '@nowtv%2fnowtv-web-toolkit',
14 silly mapToRegistry   name: '@nowtv/nowtv-web-toolkit',
14 silly mapToRegistry   rawSpec: '',
14 silly mapToRegistry   spec: 'latest',
14 silly mapToRegistry   type: 'tag' }
15 silly mapToRegistry uri https://registry.npmjs.org/@nowtv%2fnowtv-web-toolkit
16 verbose request uri https://registry.npmjs.org/@nowtv%2fnowtv-web-toolkit
17 verbose request no auth needed
18 info attempt registry request try #1 at 11:16:41 AM
19 verbose request id 434b0d355059eb9a
20 http request GET https://registry.npmjs.org/@nowtv%2fnowtv-web-toolkit
21 http 404 https://registry.npmjs.org/@nowtv%2fnowtv-web-toolkit
22 verbose headers { 'content-type': 'application/json',
22 verbose headers   'cache-control': 'max-age=0',
22 verbose headers   'content-length': '21',
22 verbose headers   'accept-ranges': 'bytes',
22 verbose headers   date: 'Tue, 18 Oct 2016 10:16:43 GMT',
22 verbose headers   via: '1.1 varnish',
22 verbose headers   age: '0',
22 verbose headers   connection: 'keep-alive',
22 verbose headers   'x-served-by': 'cache-lhr6339-LHR',
22 verbose headers   'x-cache': 'MISS',
22 verbose headers   'x-cache-hits': '0',
22 verbose headers   'x-timer': 'S1476785803.691741,VS0,VE197' }
23 silly get cb [ 404,
23 silly get   { 'content-type': 'application/json',
23 silly get     'cache-control': 'max-age=0',
23 silly get     'content-length': '21',
23 silly get     'accept-ranges': 'bytes',
23 silly get     date: 'Tue, 18 Oct 2016 10:16:43 GMT',
23 silly get     via: '1.1 varnish',
23 silly get     age: '0',
23 silly get     connection: 'keep-alive',
23 silly get     'x-served-by': 'cache-lhr6339-LHR',
23 silly get     'x-cache': 'MISS',
23 silly get     'x-cache-hits': '0',
23 silly get     'x-timer': 'S1476785803.691741,VS0,VE197' } ]
24 silly fetchPackageMetaData Error: Not found : @nowtv/nowtv-web-toolkit
24 silly fetchPackageMetaData     at makeError (/usr/local/lib/node_modules/npm/node_modules/npm-registry-client/lib/request.js:264:12)
24 silly fetchPackageMetaData     at CachingRegistryClient.<anonymous> (/usr/local/lib/node_modules/npm/node_modules/npm-registry-client/lib/request.js:252:14)
24 silly fetchPackageMetaData     at Request._callback (/usr/local/lib/node_modules/npm/node_modules/npm-registry-client/lib/request.js:172:14)
24 silly fetchPackageMetaData     at Request.self.callback (/usr/local/lib/node_modules/npm/node_modules/request/request.js:200:22)
24 silly fetchPackageMetaData     at emitTwo (events.js:106:13)
24 silly fetchPackageMetaData     at Request.emit (events.js:191:7)
24 silly fetchPackageMetaData     at Request.<anonymous> (/usr/local/lib/node_modules/npm/node_modules/request/request.js:1067:10)
24 silly fetchPackageMetaData     at emitOne (events.js:101:20)
24 silly fetchPackageMetaData     at Request.emit (events.js:188:7)
24 silly fetchPackageMetaData     at IncomingMessage.<anonymous> (/usr/local/lib/node_modules/npm/node_modules/request/request.js:988:12)
24 silly fetchPackageMetaData  error for @nowtv/nowtv-web-toolkit { Error: Not found : @nowtv/nowtv-web-toolkit
24 silly fetchPackageMetaData     at makeError (/usr/local/lib/node_modules/npm/node_modules/npm-registry-client/lib/request.js:264:12)
24 silly fetchPackageMetaData     at CachingRegistryClient.<anonymous> (/usr/local/lib/node_modules/npm/node_modules/npm-registry-client/lib/request.js:252:14)
24 silly fetchPackageMetaData     at Request._callback (/usr/local/lib/node_modules/npm/node_modules/npm-registry-client/lib/request.js:172:14)
24 silly fetchPackageMetaData     at Request.self.callback (/usr/local/lib/node_modules/npm/node_modules/request/request.js:200:22)
24 silly fetchPackageMetaData     at emitTwo (events.js:106:13)
24 silly fetchPackageMetaData     at Request.emit (events.js:191:7)
24 silly fetchPackageMetaData     at Request.<anonymous> (/usr/local/lib/node_modules/npm/node_modules/request/request.js:1067:10)
24 silly fetchPackageMetaData     at emitOne (events.js:101:20)
24 silly fetchPackageMetaData     at Request.emit (events.js:188:7)
24 silly fetchPackageMetaData     at IncomingMessage.<anonymous> (/usr/local/lib/node_modules/npm/node_modules/request/request.js:988:12)
24 silly fetchPackageMetaData   pkgid: '@nowtv/nowtv-web-toolkit',
24 silly fetchPackageMetaData   statusCode: 404,
24 silly fetchPackageMetaData   code: 'E404' }
25 silly rollbackFailedOptional Starting
26 silly rollbackFailedOptional Finishing
27 silly runTopLevelLifecycles Starting
28 silly runTopLevelLifecycles Finishing
29 silly install printInstalled
30 verbose stack Error: Not found : @nowtv/nowtv-web-toolkit
30 verbose stack     at makeError (/usr/local/lib/node_modules/npm/node_modules/npm-registry-client/lib/request.js:264:12)
30 verbose stack     at CachingRegistryClient.<anonymous> (/usr/local/lib/node_modules/npm/node_modules/npm-registry-client/lib/request.js:252:14)
30 verbose stack     at Request._callback (/usr/local/lib/node_modules/npm/node_modules/npm-registry-client/lib/request.js:172:14)
30 verbose stack     at Request.self.callback (/usr/local/lib/node_modules/npm/node_modules/request/request.js:200:22)
30 verbose stack     at emitTwo (events.js:106:13)
30 verbose stack     at Request.emit (events.js:191:7)
30 verbose stack     at Request.<anonymous> (/usr/local/lib/node_modules/npm/node_modules/request/request.js:1067:10)
30 verbose stack     at emitOne (events.js:101:20)
30 verbose stack     at Request.emit (events.js:188:7)
30 verbose stack     at IncomingMessage.<anonymous> (/usr/local/lib/node_modules/npm/node_modules/request/request.js:988:12)
31 verbose statusCode 404
32 verbose pkgid @nowtv/nowtv-web-toolkit
33 verbose cwd /Users/jamiemaher/Documents/git/hack-day-gamification
34 error Darwin 16.0.0
35 error argv "/usr/local/bin/node" "/usr/local/bin/npm" "install" "@nowtv/nowtv-web-toolkit" "--save"
36 error node v6.4.0
37 error npm  v3.10.3
38 error code E404
39 error 404 Not found : @nowtv/nowtv-web-toolkit
40 error 404
41 error 404 '@nowtv/nowtv-web-toolkit' is not in the npm registry.
42 error 404 You should bug the author to publish it (or use the name yourself!)
43 error 404 Note that you can also install from a
44 error 404 tarball, folder, http url, or git url.
45 verbose exit [ 1, true ]
